{"/Users/aymendebbabi/Desktop/MoviesSample/src/actions/NetworkAction.js": {"path":"/Users/aymendebbabi/Desktop/MoviesSample/src/actions/NetworkAction.js","statementMap":{"0":{"start":{"line":1,"column":13},"end":{"line":1,"column":75}},"1":{"start":{"line":1,"column":75},"end":{"line":1,"column":109}},"2":{"start":{"line":1,"column":122},"end":{"line":1,"column":140}},"3":{"start":{"line":3,"column":23},"end":{"line":7,"column":1}},"4":{"start":{"line":4,"column":2},"end":{"line":6,"column":4}},"5":{"start":{"line":5,"column":4},"end":{"line":5,"column":63}},"6":{"start":{"line":7,"column":2},"end":{"line":7,"column":46}}},"fnMap":{"0":{"name":"setNetworkStatus","decl":{"start":{"line":3,"column":32},"end":{"line":3,"column":48}},"loc":{"start":{"line":3,"column":57},"end":{"line":7,"column":1}},"line":3},"1":{"name":"(anonymous_1)","decl":{"start":{"line":4,"column":9},"end":{"line":4,"column":10}},"loc":{"start":{"line":4,"column":29},"end":{"line":6,"column":3}},"line":4}},"branchMap":{},"s":{"0":1,"1":1,"2":1,"3":1,"4":0,"5":0,"6":1},"f":{"0":0,"1":0},"b":{},"_coverageSchema":"43e27e138ebf9cfc5966b082cf9a028302ed4184","hash":"2d3f9567546bd9aea3d802c03d48f094afdce2dc"}
,"/Users/aymendebbabi/Desktop/MoviesSample/src/actions/WishListActions.js": {"path":"/Users/aymendebbabi/Desktop/MoviesSample/src/actions/WishListActions.js","statementMap":{"0":{"start":{"line":1,"column":13},"end":{"line":1,"column":75}},"1":{"start":{"line":1,"column":75},"end":{"line":1,"column":133}},"2":{"start":{"line":1,"column":146},"end":{"line":1,"column":164}},"3":{"start":{"line":2,"column":20},"end":{"line":2,"column":92}},"4":{"start":{"line":2,"column":131},"end":{"line":2,"column":185}},"5":{"start":{"line":4,"column":21},"end":{"line":26,"column":1}},"6":{"start":{"line":5,"column":2},"end":{"line":25,"column":4}},"7":{"start":{"line":6,"column":4},"end":{"line":24,"column":7}},"8":{"start":{"line":7,"column":18},"end":{"line":7,"column":20}},"9":{"start":{"line":8,"column":6},"end":{"line":19,"column":7}},"10":{"start":{"line":9,"column":8},"end":{"line":9,"column":37}},"11":{"start":{"line":10,"column":21},"end":{"line":10,"column":83}},"12":{"start":{"line":10,"column":54},"end":{"line":10,"column":81}},"13":{"start":{"line":12,"column":8},"end":{"line":16,"column":9}},"14":{"start":{"line":13,"column":10},"end":{"line":13,"column":82}},"15":{"start":{"line":13,"column":55},"end":{"line":13,"column":79}},"16":{"start":{"line":15,"column":10},"end":{"line":15,"column":27}},"17":{"start":{"line":18,"column":8},"end":{"line":18,"column":25}},"18":{"start":{"line":21,"column":6},"end":{"line":23,"column":9}},"19":{"start":{"line":22,"column":8},"end":{"line":22,"column":65}},"20":{"start":{"line":26,"column":2},"end":{"line":26,"column":42}},"21":{"start":{"line":28,"column":22},"end":{"line":34,"column":1}},"22":{"start":{"line":29,"column":2},"end":{"line":33,"column":4}},"23":{"start":{"line":30,"column":4},"end":{"line":32,"column":7}},"24":{"start":{"line":31,"column":6},"end":{"line":31,"column":78}},"25":{"start":{"line":34,"column":2},"end":{"line":34,"column":44}}},"fnMap":{"0":{"name":"_interopRequireDefault","decl":{"start":{"line":2,"column":102},"end":{"line":2,"column":124}},"loc":{"start":{"line":2,"column":130},"end":{"line":2,"column":186}},"line":2},"1":{"name":"toggleFavorite","decl":{"start":{"line":4,"column":30},"end":{"line":4,"column":44}},"loc":{"start":{"line":4,"column":51},"end":{"line":26,"column":1}},"line":4},"2":{"name":"(anonymous_2)","decl":{"start":{"line":5,"column":9},"end":{"line":5,"column":10}},"loc":{"start":{"line":5,"column":29},"end":{"line":25,"column":3}},"line":5},"3":{"name":"(anonymous_3)","decl":{"start":{"line":6,"column":52},"end":{"line":6,"column":53}},"loc":{"start":{"line":6,"column":72},"end":{"line":24,"column":5}},"line":6},"4":{"name":"(anonymous_4)","decl":{"start":{"line":10,"column":37},"end":{"line":10,"column":38}},"loc":{"start":{"line":10,"column":53},"end":{"line":10,"column":82}},"line":10},"5":{"name":"(anonymous_5)","decl":{"start":{"line":13,"column":31},"end":{"line":13,"column":32}},"loc":{"start":{"line":13,"column":54},"end":{"line":13,"column":80}},"line":13},"6":{"name":"(anonymous_6)","decl":{"start":{"line":21,"column":77},"end":{"line":21,"column":78}},"loc":{"start":{"line":21,"column":89},"end":{"line":23,"column":7}},"line":21},"7":{"name":"getFavoriteList","decl":{"start":{"line":28,"column":31},"end":{"line":28,"column":46}},"loc":{"start":{"line":28,"column":49},"end":{"line":34,"column":1}},"line":28},"8":{"name":"(anonymous_8)","decl":{"start":{"line":29,"column":9},"end":{"line":29,"column":10}},"loc":{"start":{"line":29,"column":29},"end":{"line":33,"column":3}},"line":29},"9":{"name":"(anonymous_9)","decl":{"start":{"line":30,"column":52},"end":{"line":30,"column":53}},"loc":{"start":{"line":30,"column":72},"end":{"line":32,"column":5}},"line":30}},"branchMap":{"0":{"loc":{"start":{"line":2,"column":138},"end":{"line":2,"column":184}},"type":"cond-expr","locations":[{"start":{"line":2,"column":162},"end":{"line":2,"column":165}},{"start":{"line":2,"column":168},"end":{"line":2,"column":184}}],"line":2},"1":{"loc":{"start":{"line":2,"column":138},"end":{"line":2,"column":159}},"type":"binary-expr","locations":[{"start":{"line":2,"column":138},"end":{"line":2,"column":141}},{"start":{"line":2,"column":145},"end":{"line":2,"column":159}}],"line":2},"2":{"loc":{"start":{"line":8,"column":6},"end":{"line":19,"column":7}},"type":"if","locations":[{"start":{"line":8,"column":6},"end":{"line":19,"column":7}},{"start":{"line":8,"column":6},"end":{"line":19,"column":7}}],"line":8},"3":{"loc":{"start":{"line":12,"column":8},"end":{"line":16,"column":9}},"type":"if","locations":[{"start":{"line":12,"column":8},"end":{"line":16,"column":9}},{"start":{"line":12,"column":8},"end":{"line":16,"column":9}}],"line":12}},"s":{"0":1,"1":1,"2":1,"3":1,"4":1,"5":1,"6":0,"7":0,"8":0,"9":0,"10":0,"11":0,"12":0,"13":0,"14":0,"15":0,"16":0,"17":0,"18":0,"19":0,"20":1,"21":1,"22":0,"23":0,"24":0,"25":1},"f":{"0":1,"1":0,"2":0,"3":0,"4":0,"5":0,"6":0,"7":0,"8":0,"9":0},"b":{"0":[0,1],"1":[1,1],"2":[0,0],"3":[0,0]},"_coverageSchema":"43e27e138ebf9cfc5966b082cf9a028302ed4184","hash":"59bc57c8a0b34a7ab9bd7c95076f7c8e9f354337"}
,"/Users/aymendebbabi/Desktop/MoviesSample/src/actions/index.js": {"path":"/Users/aymendebbabi/Desktop/MoviesSample/src/actions/index.js","statementMap":{"0":{"start":{"line":1,"column":13},"end":{"line":1,"column":75}},"1":{"start":{"line":1,"column":98},"end":{"line":1,"column":126}},"2":{"start":{"line":1,"column":127},"end":{"line":1,"column":349}},"3":{"start":{"line":1,"column":181},"end":{"line":1,"column":235}},"4":{"start":{"line":1,"column":228},"end":{"line":1,"column":235}},"5":{"start":{"line":1,"column":235},"end":{"line":1,"column":346}},"6":{"start":{"line":1,"column":312},"end":{"line":1,"column":341}},"7":{"start":{"line":2,"column":21},"end":{"line":2,"column":47}},"8":{"start":{"line":2,"column":48},"end":{"line":2,"column":266}},"9":{"start":{"line":2,"column":100},"end":{"line":2,"column":154}},"10":{"start":{"line":2,"column":147},"end":{"line":2,"column":154}},"11":{"start":{"line":2,"column":154},"end":{"line":2,"column":263}},"12":{"start":{"line":2,"column":231},"end":{"line":2,"column":258}}},"fnMap":{"0":{"name":"(anonymous_0)","decl":{"start":{"line":1,"column":165},"end":{"line":1,"column":166}},"loc":{"start":{"line":1,"column":180},"end":{"line":1,"column":347}},"line":1},"1":{"name":"get","decl":{"start":{"line":1,"column":305},"end":{"line":1,"column":308}},"loc":{"start":{"line":1,"column":311},"end":{"line":1,"column":342}},"line":1},"2":{"name":"(anonymous_2)","decl":{"start":{"line":2,"column":84},"end":{"line":2,"column":85}},"loc":{"start":{"line":2,"column":99},"end":{"line":2,"column":264}},"line":2},"3":{"name":"get","decl":{"start":{"line":2,"column":224},"end":{"line":2,"column":227}},"loc":{"start":{"line":2,"column":230},"end":{"line":2,"column":259}},"line":2}},"branchMap":{"0":{"loc":{"start":{"line":1,"column":181},"end":{"line":1,"column":235}},"type":"if","locations":[{"start":{"line":1,"column":181},"end":{"line":1,"column":235}},{"start":{"line":1,"column":181},"end":{"line":1,"column":235}}],"line":1},"1":{"loc":{"start":{"line":1,"column":185},"end":{"line":1,"column":226}},"type":"binary-expr","locations":[{"start":{"line":1,"column":185},"end":{"line":1,"column":202}},{"start":{"line":1,"column":206},"end":{"line":1,"column":226}}],"line":1},"2":{"loc":{"start":{"line":2,"column":100},"end":{"line":2,"column":154}},"type":"if","locations":[{"start":{"line":2,"column":100},"end":{"line":2,"column":154}},{"start":{"line":2,"column":100},"end":{"line":2,"column":154}}],"line":2},"3":{"loc":{"start":{"line":2,"column":104},"end":{"line":2,"column":145}},"type":"binary-expr","locations":[{"start":{"line":2,"column":104},"end":{"line":2,"column":121}},{"start":{"line":2,"column":125},"end":{"line":2,"column":145}}],"line":2}},"s":{"0":1,"1":1,"2":1,"3":2,"4":0,"5":2,"6":2,"7":1,"8":1,"9":1,"10":0,"11":1,"12":1},"f":{"0":2,"1":2,"2":1,"3":1},"b":{"0":[0,2],"1":[2,2],"2":[0,1],"3":[1,1]},"_coverageSchema":"43e27e138ebf9cfc5966b082cf9a028302ed4184","hash":"644cbf6dc2fd0843d21ce18ed457013f6f25cb84"}
,"/Users/aymendebbabi/Desktop/MoviesSample/src/actions/types.js": {"path":"/Users/aymendebbabi/Desktop/MoviesSample/src/actions/types.js","statementMap":{"0":{"start":{"line":1,"column":13},"end":{"line":1,"column":75}},"1":{"start":{"line":1,"column":75},"end":{"line":1,"column":155}},"2":{"start":{"line":1,"column":175},"end":{"line":1,"column":190}},"3":{"start":{"line":1,"column":191},"end":{"line":1,"column":229}},"4":{"start":{"line":2,"column":20},"end":{"line":2,"column":35}},"5":{"start":{"line":2,"column":36},"end":{"line":2,"column":74}},"6":{"start":{"line":3,"column":21},"end":{"line":3,"column":37}},"7":{"start":{"line":3,"column":38},"end":{"line":3,"column":78}}},"fnMap":{},"branchMap":{},"s":{"0":1,"1":1,"2":1,"3":1,"4":1,"5":1,"6":1,"7":1},"f":{},"b":{},"_coverageSchema":"43e27e138ebf9cfc5966b082cf9a028302ed4184","hash":"2b41036a50b1f2088bca523ab25b7af1d8afdc69"}
,"/Users/aymendebbabi/Desktop/MoviesSample/src/api/Api.js": {"path":"/Users/aymendebbabi/Desktop/MoviesSample/src/api/Api.js","statementMap":{"0":{"start":{"line":1,"column":13},"end":{"line":1,"column":75}},"1":{"start":{"line":1,"column":75},"end":{"line":1,"column":119}},"2":{"start":{"line":1,"column":119},"end":{"line":1,"column":157}},"3":{"start":{"line":1,"column":157},"end":{"line":1,"column":193}},"4":{"start":{"line":1,"column":209},"end":{"line":1,"column":241}},"5":{"start":{"line":3,"column":63},"end":{"line":3,"column":135}},"6":{"start":{"line":5,"column":2},"end":{"line":10,"column":6}},"7":{"start":{"line":11,"column":2},"end":{"line":29,"column":5}},"8":{"start":{"line":13,"column":4},"end":{"line":15,"column":5}},"9":{"start":{"line":14,"column":6},"end":{"line":14,"column":29}},"10":{"start":{"line":16,"column":4},"end":{"line":16,"column":27}},"11":{"start":{"line":19,"column":4},"end":{"line":28,"column":5}},"12":{"start":{"line":23,"column":6},"end":{"line":25,"column":7}},"13":{"start":{"line":24,"column":8},"end":{"line":24,"column":32}},"14":{"start":{"line":27,"column":6},"end":{"line":27,"column":27}},"15":{"start":{"line":32,"column":51},"end":{"line":32,"column":123}},"16":{"start":{"line":33,"column":2},"end":{"line":53,"column":5}},"17":{"start":{"line":37,"column":4},"end":{"line":39,"column":5}},"18":{"start":{"line":38,"column":6},"end":{"line":38,"column":29}},"19":{"start":{"line":40,"column":4},"end":{"line":40,"column":27}},"20":{"start":{"line":43,"column":4},"end":{"line":52,"column":5}},"21":{"start":{"line":47,"column":6},"end":{"line":49,"column":7}},"22":{"start":{"line":48,"column":8},"end":{"line":48,"column":32}},"23":{"start":{"line":51,"column":6},"end":{"line":51,"column":27}},"24":{"start":{"line":56,"column":52},"end":{"line":56,"column":124}},"25":{"start":{"line":57,"column":2},"end":{"line":80,"column":5}},"26":{"start":{"line":64,"column":4},"end":{"line":66,"column":5}},"27":{"start":{"line":65,"column":6},"end":{"line":65,"column":29}},"28":{"start":{"line":67,"column":4},"end":{"line":67,"column":27}},"29":{"start":{"line":70,"column":4},"end":{"line":79,"column":5}},"30":{"start":{"line":74,"column":6},"end":{"line":76,"column":7}},"31":{"start":{"line":75,"column":8},"end":{"line":75,"column":32}},"32":{"start":{"line":78,"column":6},"end":{"line":78,"column":27}}},"fnMap":{"0":{"name":"getSearchedFilms","decl":{"start":{"line":3,"column":9},"end":{"line":3,"column":25}},"loc":{"start":{"line":3,"column":39},"end":{"line":30,"column":1}},"line":3},"1":{"name":"(anonymous_1)","decl":{"start":{"line":12,"column":7},"end":{"line":12,"column":8}},"loc":{"start":{"line":12,"column":27},"end":{"line":17,"column":3}},"line":12},"2":{"name":"(anonymous_2)","decl":{"start":{"line":18,"column":8},"end":{"line":18,"column":9}},"loc":{"start":{"line":18,"column":25},"end":{"line":29,"column":3}},"line":18},"3":{"name":"getFilmWithId","decl":{"start":{"line":32,"column":9},"end":{"line":32,"column":22}},"loc":{"start":{"line":32,"column":27},"end":{"line":54,"column":1}},"line":32},"4":{"name":"(anonymous_4)","decl":{"start":{"line":36,"column":7},"end":{"line":36,"column":8}},"loc":{"start":{"line":36,"column":27},"end":{"line":41,"column":3}},"line":36},"5":{"name":"(anonymous_5)","decl":{"start":{"line":42,"column":8},"end":{"line":42,"column":9}},"loc":{"start":{"line":42,"column":25},"end":{"line":53,"column":3}},"line":42},"6":{"name":"getBestFilms","decl":{"start":{"line":56,"column":9},"end":{"line":56,"column":21}},"loc":{"start":{"line":56,"column":28},"end":{"line":81,"column":1}},"line":56},"7":{"name":"(anonymous_7)","decl":{"start":{"line":63,"column":7},"end":{"line":63,"column":8}},"loc":{"start":{"line":63,"column":27},"end":{"line":68,"column":3}},"line":63},"8":{"name":"(anonymous_8)","decl":{"start":{"line":69,"column":8},"end":{"line":69,"column":9}},"loc":{"start":{"line":69,"column":25},"end":{"line":80,"column":3}},"line":69}},"branchMap":{"0":{"loc":{"start":{"line":3,"column":63},"end":{"line":3,"column":135}},"type":"cond-expr","locations":[{"start":{"line":3,"column":116},"end":{"line":3,"column":128}},{"start":{"line":3,"column":131},"end":{"line":3,"column":135}}],"line":3},"1":{"loc":{"start":{"line":3,"column":63},"end":{"line":3,"column":113}},"type":"binary-expr","locations":[{"start":{"line":3,"column":63},"end":{"line":3,"column":83}},{"start":{"line":3,"column":87},"end":{"line":3,"column":113}}],"line":3},"2":{"loc":{"start":{"line":13,"column":4},"end":{"line":15,"column":5}},"type":"if","locations":[{"start":{"line":13,"column":4},"end":{"line":15,"column":5}},{"start":{"line":13,"column":4},"end":{"line":15,"column":5}}],"line":13},"3":{"loc":{"start":{"line":19,"column":4},"end":{"line":28,"column":5}},"type":"if","locations":[{"start":{"line":19,"column":4},"end":{"line":28,"column":5}},{"start":{"line":19,"column":4},"end":{"line":28,"column":5}}],"line":19},"4":{"loc":{"start":{"line":20,"column":4},"end":{"line":21,"column":46}},"type":"binary-expr","locations":[{"start":{"line":20,"column":4},"end":{"line":20,"column":31}},{"start":{"line":21,"column":4},"end":{"line":21,"column":46}}],"line":20},"5":{"loc":{"start":{"line":23,"column":6},"end":{"line":25,"column":7}},"type":"if","locations":[{"start":{"line":23,"column":6},"end":{"line":25,"column":7}},{"start":{"line":23,"column":6},"end":{"line":25,"column":7}}],"line":23},"6":{"loc":{"start":{"line":32,"column":51},"end":{"line":32,"column":123}},"type":"cond-expr","locations":[{"start":{"line":32,"column":104},"end":{"line":32,"column":116}},{"start":{"line":32,"column":119},"end":{"line":32,"column":123}}],"line":32},"7":{"loc":{"start":{"line":32,"column":51},"end":{"line":32,"column":101}},"type":"binary-expr","locations":[{"start":{"line":32,"column":51},"end":{"line":32,"column":71}},{"start":{"line":32,"column":75},"end":{"line":32,"column":101}}],"line":32},"8":{"loc":{"start":{"line":37,"column":4},"end":{"line":39,"column":5}},"type":"if","locations":[{"start":{"line":37,"column":4},"end":{"line":39,"column":5}},{"start":{"line":37,"column":4},"end":{"line":39,"column":5}}],"line":37},"9":{"loc":{"start":{"line":43,"column":4},"end":{"line":52,"column":5}},"type":"if","locations":[{"start":{"line":43,"column":4},"end":{"line":52,"column":5}},{"start":{"line":43,"column":4},"end":{"line":52,"column":5}}],"line":43},"10":{"loc":{"start":{"line":44,"column":4},"end":{"line":45,"column":46}},"type":"binary-expr","locations":[{"start":{"line":44,"column":4},"end":{"line":44,"column":31}},{"start":{"line":45,"column":4},"end":{"line":45,"column":46}}],"line":44},"11":{"loc":{"start":{"line":47,"column":6},"end":{"line":49,"column":7}},"type":"if","locations":[{"start":{"line":47,"column":6},"end":{"line":49,"column":7}},{"start":{"line":47,"column":6},"end":{"line":49,"column":7}}],"line":47},"12":{"loc":{"start":{"line":56,"column":52},"end":{"line":56,"column":124}},"type":"cond-expr","locations":[{"start":{"line":56,"column":105},"end":{"line":56,"column":117}},{"start":{"line":56,"column":120},"end":{"line":56,"column":124}}],"line":56},"13":{"loc":{"start":{"line":56,"column":52},"end":{"line":56,"column":102}},"type":"binary-expr","locations":[{"start":{"line":56,"column":52},"end":{"line":56,"column":72}},{"start":{"line":56,"column":76},"end":{"line":56,"column":102}}],"line":56},"14":{"loc":{"start":{"line":64,"column":4},"end":{"line":66,"column":5}},"type":"if","locations":[{"start":{"line":64,"column":4},"end":{"line":66,"column":5}},{"start":{"line":64,"column":4},"end":{"line":66,"column":5}}],"line":64},"15":{"loc":{"start":{"line":70,"column":4},"end":{"line":79,"column":5}},"type":"if","locations":[{"start":{"line":70,"column":4},"end":{"line":79,"column":5}},{"start":{"line":70,"column":4},"end":{"line":79,"column":5}}],"line":70},"16":{"loc":{"start":{"line":71,"column":4},"end":{"line":72,"column":46}},"type":"binary-expr","locations":[{"start":{"line":71,"column":4},"end":{"line":71,"column":31}},{"start":{"line":72,"column":4},"end":{"line":72,"column":46}}],"line":71},"17":{"loc":{"start":{"line":74,"column":6},"end":{"line":76,"column":7}},"type":"if","locations":[{"start":{"line":74,"column":6},"end":{"line":76,"column":7}},{"start":{"line":74,"column":6},"end":{"line":76,"column":7}}],"line":74}},"s":{"0":2,"1":2,"2":2,"3":2,"4":2,"5":2,"6":2,"7":2,"8":1,"9":0,"10":1,"11":1,"12":0,"13":0,"14":1,"15":2,"16":2,"17":1,"18":0,"19":1,"20":1,"21":0,"22":0,"23":1,"24":2,"25":2,"26":1,"27":0,"28":1,"29":1,"30":0,"31":0,"32":1},"f":{"0":2,"1":1,"2":1,"3":2,"4":1,"5":1,"6":2,"7":1,"8":1},"b":{"0":[0,2],"1":[2,0],"2":[0,1],"3":[0,1],"4":[1,1],"5":[0,0],"6":[0,2],"7":[2,0],"8":[0,1],"9":[0,1],"10":[1,1],"11":[0,0],"12":[0,2],"13":[2,0],"14":[0,1],"15":[0,1],"16":[1,1],"17":[0,0]},"_coverageSchema":"43e27e138ebf9cfc5966b082cf9a028302ed4184","hash":"46e7631e29b46d445ec52fe4f6ec13eef19af40e"}
,"/Users/aymendebbabi/Desktop/MoviesSample/src/assets/img/logo.png": {"path":"/Users/aymendebbabi/Desktop/MoviesSample/src/assets/img/logo.png","statementMap":{"0":{"start":{"line":1,"column":0},"end":{"line":4,"column":6}}},"fnMap":{},"branchMap":{},"s":{"0":1},"f":{},"b":{},"_coverageSchema":"43e27e138ebf9cfc5966b082cf9a028302ed4184","hash":"2d1406f4cba59eb2286a7623f4a1a1f8cf3a2081"}
,"/Users/aymendebbabi/Desktop/MoviesSample/src/components/commons/Header.tsx": {"path":"/Users/aymendebbabi/Desktop/MoviesSample/src/components/commons/Header.tsx","statementMap":{"0":{"start":{"line":15,"column":32},"end":{"line":40,"column":1}},"1":{"start":{"line":16,"column":2},"end":{"line":39,"column":4}},"2":{"start":{"line":22,"column":27},"end":{"line":22,"column":52}},"3":{"start":{"line":42,"column":15},"end":{"line":75,"column":2}}},"fnMap":{"0":{"name":"(anonymous_0)","decl":{"start":{"line":15,"column":32},"end":{"line":15,"column":33}},"loc":{"start":{"line":15,"column":43},"end":{"line":40,"column":1}},"line":15},"1":{"name":"(anonymous_1)","decl":{"start":{"line":22,"column":21},"end":{"line":22,"column":22}},"loc":{"start":{"line":22,"column":27},"end":{"line":22,"column":52}},"line":22}},"branchMap":{"0":{"loc":{"start":{"line":19,"column":9},"end":{"line":28,"column":16}},"type":"cond-expr","locations":[{"start":{"line":20,"column":10},"end":{"line":27,"column":37}},{"start":{"line":28,"column":12},"end":{"line":28,"column":16}}],"line":19}},"s":{"0":2,"1":1,"2":0,"3":2},"f":{"0":1,"1":0},"b":{"0":[0,1]},"_coverageSchema":"43e27e138ebf9cfc5966b082cf9a028302ed4184","hash":"3931bdbc804c5381f567a9e78091ee8b6f9595a1"}
,"/Users/aymendebbabi/Desktop/MoviesSample/src/components/commons/Spinner.tsx": {"path":"/Users/aymendebbabi/Desktop/MoviesSample/src/components/commons/Spinner.tsx","statementMap":{"0":{"start":{"line":4,"column":30},"end":{"line":10,"column":1}},"1":{"start":{"line":5,"column":2},"end":{"line":9,"column":4}},"2":{"start":{"line":12,"column":15},"end":{"line":23,"column":2}}},"fnMap":{"0":{"name":"(anonymous_0)","decl":{"start":{"line":4,"column":30},"end":{"line":4,"column":31}},"loc":{"start":{"line":4,"column":36},"end":{"line":10,"column":1}},"line":4}},"branchMap":{},"s":{"0":1,"1":0,"2":1},"f":{"0":0},"b":{},"_coverageSchema":"43e27e138ebf9cfc5966b082cf9a028302ed4184","hash":"44d237233127261f6d69d4d2fb4dc13e07b9bd2f"}
,"/Users/aymendebbabi/Desktop/MoviesSample/src/components/films/FilmItem.tsx": {"path":"/Users/aymendebbabi/Desktop/MoviesSample/src/components/films/FilmItem.tsx","statementMap":{"0":{"start":{"line":27,"column":43},"end":{"line":27,"column":53}},"1":{"start":{"line":28,"column":4},"end":{"line":53,"column":6}},"2":{"start":{"line":32,"column":12},"end":{"line":34,"column":14}},"3":{"start":{"line":46,"column":16},"end":{"line":46,"column":48}},"4":{"start":{"line":56,"column":18},"end":{"line":71,"column":3}},"5":{"start":{"line":57,"column":4},"end":{"line":64,"column":5}},"6":{"start":{"line":58,"column":6},"end":{"line":63,"column":8}},"7":{"start":{"line":65,"column":4},"end":{"line":70,"column":6}}},"fnMap":{"0":{"name":"(anonymous_0)","decl":{"start":{"line":26,"column":2},"end":{"line":26,"column":3}},"loc":{"start":{"line":26,"column":24},"end":{"line":54,"column":3}},"line":26},"1":{"name":"(anonymous_1)","decl":{"start":{"line":31,"column":19},"end":{"line":31,"column":20}},"loc":{"start":{"line":32,"column":12},"end":{"line":34,"column":14}},"line":32},"2":{"name":"(anonymous_2)","decl":{"start":{"line":45,"column":23},"end":{"line":45,"column":24}},"loc":{"start":{"line":45,"column":29},"end":{"line":47,"column":15}},"line":45},"3":{"name":"(anonymous_3)","decl":{"start":{"line":56,"column":18},"end":{"line":56,"column":19}},"loc":{"start":{"line":56,"column":43},"end":{"line":71,"column":3}},"line":56}},"branchMap":{"0":{"loc":{"start":{"line":38,"column":14},"end":{"line":40,"column":61}},"type":"cond-expr","locations":[{"start":{"line":39,"column":18},"end":{"line":39,"column":56}},{"start":{"line":40,"column":18},"end":{"line":40,"column":61}}],"line":38},"1":{"loc":{"start":{"line":57,"column":4},"end":{"line":64,"column":5}},"type":"if","locations":[{"start":{"line":57,"column":4},"end":{"line":64,"column":5}},{"start":{"line":57,"column":4},"end":{"line":64,"column":5}}],"line":57}},"s":{"0":0,"1":0,"2":0,"3":0,"4":0,"5":0,"6":0,"7":0},"f":{"0":0,"1":0,"2":0,"3":0},"b":{"0":[0,0],"1":[0,0]},"_coverageSchema":"43e27e138ebf9cfc5966b082cf9a028302ed4184","hash":"7c68ec861d299c142742cad367b3a1622cb8d4fd"}
,"/Users/aymendebbabi/Desktop/MoviesSample/src/components/films/FilmList.tsx": {"path":"/Users/aymendebbabi/Desktop/MoviesSample/src/components/films/FilmList.tsx","statementMap":{"0":{"start":{"line":23,"column":4},"end":{"line":23,"column":17}},"1":{"start":{"line":24,"column":4},"end":{"line":26,"column":6}},"2":{"start":{"line":36,"column":8},"end":{"line":36,"column":18}},"3":{"start":{"line":37,"column":4},"end":{"line":63,"column":6}},"4":{"start":{"line":41,"column":32},"end":{"line":41,"column":50}},"5":{"start":{"line":43,"column":10},"end":{"line":47,"column":12}},"6":{"start":{"line":52,"column":10},"end":{"line":60,"column":11}},"7":{"start":{"line":57,"column":12},"end":{"line":59,"column":13}},"8":{"start":{"line":58,"column":14},"end":{"line":58,"column":26}},"9":{"start":{"line":67,"column":24},"end":{"line":71,"column":1}},"10":{"start":{"line":68,"column":2},"end":{"line":70,"column":4}}},"fnMap":{"0":{"name":"(anonymous_0)","decl":{"start":{"line":22,"column":2},"end":{"line":22,"column":3}},"loc":{"start":{"line":22,"column":28},"end":{"line":27,"column":3}},"line":22},"1":{"name":"(anonymous_1)","decl":{"start":{"line":28,"column":2},"end":{"line":28,"column":3}},"loc":{"start":{"line":28,"column":24},"end":{"line":64,"column":3}},"line":28},"2":{"name":"(anonymous_2)","decl":{"start":{"line":41,"column":22},"end":{"line":41,"column":23}},"loc":{"start":{"line":41,"column":32},"end":{"line":41,"column":50}},"line":41},"3":{"name":"(anonymous_3)","decl":{"start":{"line":42,"column":20},"end":{"line":42,"column":21}},"loc":{"start":{"line":43,"column":10},"end":{"line":47,"column":12}},"line":43},"4":{"name":"(anonymous_4)","decl":{"start":{"line":51,"column":22},"end":{"line":51,"column":23}},"loc":{"start":{"line":51,"column":28},"end":{"line":61,"column":9}},"line":51},"5":{"name":"(anonymous_5)","decl":{"start":{"line":67,"column":24},"end":{"line":67,"column":25}},"loc":{"start":{"line":67,"column":40},"end":{"line":71,"column":1}},"line":67}},"branchMap":{"0":{"loc":{"start":{"line":52,"column":10},"end":{"line":60,"column":11}},"type":"if","locations":[{"start":{"line":52,"column":10},"end":{"line":60,"column":11}},{"start":{"line":52,"column":10},"end":{"line":60,"column":11}}],"line":52},"1":{"loc":{"start":{"line":53,"column":12},"end":{"line":55,"column":35}},"type":"binary-expr","locations":[{"start":{"line":53,"column":12},"end":{"line":53,"column":30}},{"start":{"line":54,"column":12},"end":{"line":54,"column":36}},{"start":{"line":55,"column":12},"end":{"line":55,"column":35}}],"line":53},"2":{"loc":{"start":{"line":57,"column":12},"end":{"line":59,"column":13}},"type":"if","locations":[{"start":{"line":57,"column":12},"end":{"line":59,"column":13}},{"start":{"line":57,"column":12},"end":{"line":59,"column":13}}],"line":57}},"s":{"0":0,"1":0,"2":0,"3":0,"4":0,"5":0,"6":0,"7":0,"8":0,"9":1,"10":0},"f":{"0":0,"1":0,"2":0,"3":0,"4":0,"5":0},"b":{"0":[0,0],"1":[0,0,0],"2":[0,0]},"_coverageSchema":"43e27e138ebf9cfc5966b082cf9a028302ed4184","hash":"90dcff2c383b8158aa4eecd1749d5b26def4a58d"}
,"/Users/aymendebbabi/Desktop/MoviesSample/src/components/films/styles/FilmItemStyles.js": {"path":"/Users/aymendebbabi/Desktop/MoviesSample/src/components/films/styles/FilmItemStyles.js","statementMap":{"0":{"start":{"line":1,"column":13},"end":{"line":1,"column":75}},"1":{"start":{"line":1,"column":75},"end":{"line":1,"column":100}},"2":{"start":{"line":1,"column":119},"end":{"line":1,"column":142}},"3":{"start":{"line":3,"column":13},"end":{"line":23,"column":24}},"4":{"start":{"line":27,"column":0},"end":{"line":27,"column":6}},"5":{"start":{"line":27,"column":7},"end":{"line":27,"column":34}}},"fnMap":{},"branchMap":{},"s":{"0":1,"1":1,"2":1,"3":1,"4":1,"5":1},"f":{},"b":{},"_coverageSchema":"43e27e138ebf9cfc5966b082cf9a028302ed4184","hash":"8df1702ff45894fc58f2c00bf2b50dade49bfd26"}
,"/Users/aymendebbabi/Desktop/MoviesSample/src/components/films/styles/FilmListStyles.js": {"path":"/Users/aymendebbabi/Desktop/MoviesSample/src/components/films/styles/FilmListStyles.js","statementMap":{"0":{"start":{"line":1,"column":13},"end":{"line":1,"column":75}},"1":{"start":{"line":1,"column":75},"end":{"line":1,"column":100}},"2":{"start":{"line":1,"column":119},"end":{"line":1,"column":142}},"3":{"start":{"line":3,"column":13},"end":{"line":6,"column":28}},"4":{"start":{"line":10,"column":0},"end":{"line":10,"column":6}},"5":{"start":{"line":10,"column":7},"end":{"line":10,"column":34}}},"fnMap":{},"branchMap":{},"s":{"0":1,"1":1,"2":1,"3":1,"4":1,"5":1},"f":{},"b":{},"_coverageSchema":"43e27e138ebf9cfc5966b082cf9a028302ed4184","hash":"a28a24e4ef4eb1926d82b0bf9e51d643ddc332eb"}
,"/Users/aymendebbabi/Desktop/MoviesSample/src/components/home/Home.tsx": {"path":"/Users/aymendebbabi/Desktop/MoviesSample/src/components/home/Home.tsx","statementMap":{"0":{"start":{"line":29,"column":4},"end":{"line":29,"column":17}},"1":{"start":{"line":30,"column":4},"end":{"line":30,"column":18}},"2":{"start":{"line":31,"column":4},"end":{"line":31,"column":24}},"3":{"start":{"line":32,"column":4},"end":{"line":35,"column":6}},"4":{"start":{"line":39,"column":31},"end":{"line":39,"column":41}},"5":{"start":{"line":40,"column":38},"end":{"line":40,"column":48}},"6":{"start":{"line":41,"column":4},"end":{"line":55,"column":6}},"7":{"start":{"line":58,"column":4},"end":{"line":58,"column":33}},"8":{"start":{"line":59,"column":4},"end":{"line":59,"column":21}},"9":{"start":{"line":60,"column":4},"end":{"line":60,"column":24}},"10":{"start":{"line":63,"column":14},"end":{"line":73,"column":3}},"11":{"start":{"line":64,"column":4},"end":{"line":64,"column":37}},"12":{"start":{"line":65,"column":4},"end":{"line":72,"column":7}},"13":{"start":{"line":66,"column":6},"end":{"line":66,"column":28}},"14":{"start":{"line":67,"column":6},"end":{"line":67,"column":41}},"15":{"start":{"line":68,"column":6},"end":{"line":71,"column":9}},"16":{"start":{"line":76,"column":24},"end":{"line":80,"column":1}},"17":{"start":{"line":77,"column":2},"end":{"line":79,"column":4}}},"fnMap":{"0":{"name":"(anonymous_0)","decl":{"start":{"line":28,"column":2},"end":{"line":28,"column":3}},"loc":{"start":{"line":28,"column":28},"end":{"line":36,"column":3}},"line":28},"1":{"name":"(anonymous_1)","decl":{"start":{"line":38,"column":2},"end":{"line":38,"column":3}},"loc":{"start":{"line":38,"column":24},"end":{"line":56,"column":3}},"line":38},"2":{"name":"(anonymous_2)","decl":{"start":{"line":57,"column":2},"end":{"line":57,"column":3}},"loc":{"start":{"line":57,"column":28},"end":{"line":61,"column":3}},"line":57},"3":{"name":"(anonymous_3)","decl":{"start":{"line":63,"column":14},"end":{"line":63,"column":15}},"loc":{"start":{"line":63,"column":20},"end":{"line":73,"column":3}},"line":63},"4":{"name":"(anonymous_4)","decl":{"start":{"line":65,"column":66},"end":{"line":65,"column":67}},"loc":{"start":{"line":65,"column":76},"end":{"line":72,"column":5}},"line":65},"5":{"name":"(anonymous_5)","decl":{"start":{"line":76,"column":24},"end":{"line":76,"column":25}},"loc":{"start":{"line":76,"column":40},"end":{"line":80,"column":1}},"line":76}},"branchMap":{"0":{"loc":{"start":{"line":52,"column":9},"end":{"line":52,"column":54}},"type":"cond-expr","locations":[{"start":{"line":52,"column":36},"end":{"line":52,"column":47}},{"start":{"line":52,"column":50},"end":{"line":52,"column":54}}],"line":52},"1":{"loc":{"start":{"line":52,"column":9},"end":{"line":52,"column":33}},"type":"binary-expr","locations":[{"start":{"line":52,"column":9},"end":{"line":52,"column":18}},{"start":{"line":52,"column":22},"end":{"line":52,"column":33}}],"line":52},"2":{"loc":{"start":{"line":53,"column":9},"end":{"line":53,"column":61}},"type":"cond-expr","locations":[{"start":{"line":53,"column":24},"end":{"line":53,"column":54}},{"start":{"line":53,"column":57},"end":{"line":53,"column":61}}],"line":53}},"s":{"0":0,"1":0,"2":0,"3":0,"4":0,"5":0,"6":0,"7":0,"8":0,"9":0,"10":0,"11":0,"12":0,"13":0,"14":0,"15":0,"16":1,"17":0},"f":{"0":0,"1":0,"2":0,"3":0,"4":0,"5":0},"b":{"0":[0,0],"1":[0,0],"2":[0,0]},"_coverageSchema":"43e27e138ebf9cfc5966b082cf9a028302ed4184","hash":"6ec319acbd2509a5cea713454e3d6efa61fa7c9c"}
,"/Users/aymendebbabi/Desktop/MoviesSample/src/components/home/HomeStyles.js": {"path":"/Users/aymendebbabi/Desktop/MoviesSample/src/components/home/HomeStyles.js","statementMap":{"0":{"start":{"line":1,"column":13},"end":{"line":1,"column":75}},"1":{"start":{"line":1,"column":75},"end":{"line":1,"column":100}},"2":{"start":{"line":1,"column":119},"end":{"line":1,"column":142}},"3":{"start":{"line":3,"column":13},"end":{"line":18,"column":25}},"4":{"start":{"line":22,"column":0},"end":{"line":22,"column":6}},"5":{"start":{"line":22,"column":7},"end":{"line":22,"column":34}}},"fnMap":{},"branchMap":{},"s":{"0":1,"1":1,"2":1,"3":1,"4":1,"5":1},"f":{},"b":{},"_coverageSchema":"43e27e138ebf9cfc5966b082cf9a028302ed4184","hash":"abd4c3c00a5a4a6e61eaf633ed526a91c7778ea3"}
,"/Users/aymendebbabi/Desktop/MoviesSample/src/constants/commonFunctions.js": {"path":"/Users/aymendebbabi/Desktop/MoviesSample/src/constants/commonFunctions.js","statementMap":{"0":{"start":{"line":1,"column":13},"end":{"line":1,"column":75}},"1":{"start":{"line":1,"column":75},"end":{"line":1,"column":193}},"2":{"start":{"line":1,"column":212},"end":{"line":1,"column":235}},"3":{"start":{"line":3,"column":27},"end":{"line":13,"column":1}},"4":{"start":{"line":4,"column":2},"end":{"line":10,"column":3}},"5":{"start":{"line":7,"column":43},"end":{"line":7,"column":70}},"6":{"start":{"line":9,"column":4},"end":{"line":9,"column":16}},"7":{"start":{"line":12,"column":2},"end":{"line":12,"column":15}},"8":{"start":{"line":13,"column":2},"end":{"line":13,"column":54}},"9":{"start":{"line":15,"column":27},"end":{"line":21,"column":1}},"10":{"start":{"line":16,"column":2},"end":{"line":20,"column":14}},"11":{"start":{"line":18,"column":4},"end":{"line":18,"column":21}},"12":{"start":{"line":21,"column":2},"end":{"line":21,"column":54}},"13":{"start":{"line":23,"column":21},"end":{"line":30,"column":1}},"14":{"start":{"line":24,"column":2},"end":{"line":28,"column":25}},"15":{"start":{"line":27,"column":65},"end":{"line":27,"column":82}},"16":{"start":{"line":30,"column":2},"end":{"line":30,"column":42}},"17":{"start":{"line":32,"column":20},"end":{"line":32,"column":64}},"18":{"start":{"line":32,"column":65},"end":{"line":32,"column":103}}},"fnMap":{"0":{"name":"displayFavoriteImage","decl":{"start":{"line":3,"column":36},"end":{"line":3,"column":56}},"loc":{"start":{"line":3,"column":78},"end":{"line":13,"column":1}},"line":3},"1":{"name":"(anonymous_1)","decl":{"start":{"line":7,"column":26},"end":{"line":7,"column":27}},"loc":{"start":{"line":7,"column":42},"end":{"line":7,"column":71}},"line":7},"2":{"name":"renderGenreCompanies","decl":{"start":{"line":15,"column":36},"end":{"line":15,"column":56}},"loc":{"start":{"line":15,"column":64},"end":{"line":21,"column":1}},"line":15},"3":{"name":"(anonymous_3)","decl":{"start":{"line":17,"column":6},"end":{"line":17,"column":7}},"loc":{"start":{"line":17,"column":22},"end":{"line":19,"column":3}},"line":17},"4":{"name":"alertConnexion","decl":{"start":{"line":23,"column":30},"end":{"line":23,"column":44}},"loc":{"start":{"line":23,"column":54},"end":{"line":30,"column":1}},"line":23},"5":{"name":"onPress","decl":{"start":{"line":27,"column":54},"end":{"line":27,"column":61}},"loc":{"start":{"line":27,"column":64},"end":{"line":27,"column":83}},"line":27}},"branchMap":{"0":{"loc":{"start":{"line":4,"column":2},"end":{"line":10,"column":3}},"type":"if","locations":[{"start":{"line":4,"column":2},"end":{"line":10,"column":3}},{"start":{"line":4,"column":2},"end":{"line":10,"column":3}}],"line":4},"1":{"loc":{"start":{"line":5,"column":2},"end":{"line":7,"column":79}},"type":"binary-expr","locations":[{"start":{"line":5,"column":2},"end":{"line":5,"column":24}},{"start":{"line":6,"column":2},"end":{"line":6,"column":20}},{"start":{"line":7,"column":2},"end":{"line":7,"column":79}}],"line":5}},"s":{"0":3,"1":3,"2":3,"3":3,"4":0,"5":0,"6":0,"7":0,"8":3,"9":3,"10":1,"11":3,"12":3,"13":3,"14":0,"15":0,"16":3,"17":3,"18":3},"f":{"0":0,"1":0,"2":1,"3":3,"4":0,"5":0},"b":{"0":[0,0],"1":[0,0,0]},"_coverageSchema":"43e27e138ebf9cfc5966b082cf9a028302ed4184","hash":"426dc68de7d80ffeeb2c069b4fab37c78d752806"}
,"/Users/aymendebbabi/Desktop/MoviesSample/src/constants/constant.js": {"path":"/Users/aymendebbabi/Desktop/MoviesSample/src/constants/constant.js","statementMap":{"0":{"start":{"line":1,"column":13},"end":{"line":1,"column":75}},"1":{"start":{"line":1,"column":75},"end":{"line":1,"column":123}},"2":{"start":{"line":1,"column":142},"end":{"line":1,"column":175}},"3":{"start":{"line":1,"column":176},"end":{"line":1,"column":212}},"4":{"start":{"line":2,"column":14},"end":{"line":2,"column":48}},"5":{"start":{"line":2,"column":49},"end":{"line":2,"column":75}}},"fnMap":{},"branchMap":{},"s":{"0":2,"1":2,"2":2,"3":2,"4":2,"5":2},"f":{},"b":{},"_coverageSchema":"43e27e138ebf9cfc5966b082cf9a028302ed4184","hash":"3e0b50b4c78ceaa61b7c3d25f878899da307604d"}
,"/Users/aymendebbabi/Desktop/MoviesSample/src/reducers/NetworkReducer.js": {"path":"/Users/aymendebbabi/Desktop/MoviesSample/src/reducers/NetworkReducer.js","statementMap":{"0":{"start":{"line":1,"column":13},"end":{"line":1,"column":75}},"1":{"start":{"line":1,"column":75},"end":{"line":1,"column":100}},"2":{"start":{"line":1,"column":113},"end":{"line":1,"column":140}},"3":{"start":{"line":1,"column":194},"end":{"line":1,"column":213}},"4":{"start":{"line":1,"column":214},"end":{"line":1,"column":459}},"5":{"start":{"line":1,"column":263},"end":{"line":1,"column":299}},"6":{"start":{"line":1,"column":300},"end":{"line":1,"column":427}},"7":{"start":{"line":1,"column":320},"end":{"line":1,"column":427}},"8":{"start":{"line":1,"column":361},"end":{"line":1,"column":424}},"9":{"start":{"line":1,"column":427},"end":{"line":1,"column":458}},"10":{"start":{"line":1,"column":459},"end":{"line":1,"column":471}},"11":{"start":{"line":1,"column":504},"end":{"line":1,"column":975}},"12":{"start":{"line":1,"column":517},"end":{"line":1,"column":518}},"13":{"start":{"line":1,"column":561},"end":{"line":1,"column":601}},"14":{"start":{"line":1,"column":602},"end":{"line":1,"column":974}},"15":{"start":{"line":1,"column":614},"end":{"line":1,"column":713}},"16":{"start":{"line":1,"column":668},"end":{"line":1,"column":710}},"17":{"start":{"line":1,"column":720},"end":{"line":1,"column":974}},"18":{"start":{"line":1,"column":759},"end":{"line":1,"column":833}},"19":{"start":{"line":1,"column":841},"end":{"line":1,"column":973}},"20":{"start":{"line":1,"column":889},"end":{"line":1,"column":970}},"21":{"start":{"line":1,"column":975},"end":{"line":1,"column":989}},"22":{"start":{"line":1,"column":1033},"end":{"line":1,"column":1180}},"23":{"start":{"line":1,"column":1050},"end":{"line":1,"column":1154}},"24":{"start":{"line":1,"column":1162},"end":{"line":1,"column":1179}},"25":{"start":{"line":1,"column":1180},"end":{"line":1,"column":1191}},"26":{"start":{"line":3,"column":20},"end":{"line":3,"column":41}},"27":{"start":{"line":5,"column":0},"end":{"line":16,"column":1}},"28":{"start":{"line":5,"column":33},"end":{"line":5,"column":114}},"29":{"start":{"line":5,"column":128},"end":{"line":5,"column":175}},"30":{"start":{"line":6,"column":2},"end":{"line":14,"column":20}},"31":{"start":{"line":8,"column":8},"end":{"line":10,"column":41}},"32":{"start":{"line":14,"column":6},"end":{"line":14,"column":19}},"33":{"start":{"line":16,"column":2},"end":{"line":16,"column":29}}},"fnMap":{"0":{"name":"ownKeys","decl":{"start":{"line":1,"column":150},"end":{"line":1,"column":157}},"loc":{"start":{"line":1,"column":182},"end":{"line":1,"column":472}},"line":1},"1":{"name":"(anonymous_1)","decl":{"start":{"line":1,"column":345},"end":{"line":1,"column":346}},"loc":{"start":{"line":1,"column":360},"end":{"line":1,"column":425}},"line":1},"2":{"name":"_objectSpread","decl":{"start":{"line":1,"column":481},"end":{"line":1,"column":494}},"loc":{"start":{"line":1,"column":503},"end":{"line":1,"column":990}},"line":1},"3":{"name":"(anonymous_3)","decl":{"start":{"line":1,"column":652},"end":{"line":1,"column":653}},"loc":{"start":{"line":1,"column":667},"end":{"line":1,"column":711}},"line":1},"4":{"name":"(anonymous_4)","decl":{"start":{"line":1,"column":873},"end":{"line":1,"column":874}},"loc":{"start":{"line":1,"column":888},"end":{"line":1,"column":971}},"line":1},"5":{"name":"_defineProperty","decl":{"start":{"line":1,"column":999},"end":{"line":1,"column":1014}},"loc":{"start":{"line":1,"column":1032},"end":{"line":1,"column":1192}},"line":1},"6":{"name":"_default","decl":{"start":{"line":5,"column":9},"end":{"line":5,"column":17}},"loc":{"start":{"line":5,"column":20},"end":{"line":16,"column":1}},"line":5}},"branchMap":{"0":{"loc":{"start":{"line":1,"column":214},"end":{"line":1,"column":459}},"type":"if","locations":[{"start":{"line":1,"column":214},"end":{"line":1,"column":459}},{"start":{"line":1,"column":214},"end":{"line":1,"column":459}}],"line":1},"1":{"loc":{"start":{"line":1,"column":300},"end":{"line":1,"column":427}},"type":"if","locations":[{"start":{"line":1,"column":300},"end":{"line":1,"column":427}},{"start":{"line":1,"column":300},"end":{"line":1,"column":427}}],"line":1},"2":{"loc":{"start":{"line":1,"column":561},"end":{"line":1,"column":601}},"type":"cond-expr","locations":[{"start":{"line":1,"column":584},"end":{"line":1,"column":596}},{"start":{"line":1,"column":599},"end":{"line":1,"column":601}}],"line":1},"3":{"loc":{"start":{"line":1,"column":602},"end":{"line":1,"column":974}},"type":"if","locations":[{"start":{"line":1,"column":602},"end":{"line":1,"column":974}},{"start":{"line":1,"column":602},"end":{"line":1,"column":974}}],"line":1},"4":{"loc":{"start":{"line":1,"column":720},"end":{"line":1,"column":974}},"type":"if","locations":[{"start":{"line":1,"column":720},"end":{"line":1,"column":974}},{"start":{"line":1,"column":720},"end":{"line":1,"column":974}}],"line":1},"5":{"loc":{"start":{"line":1,"column":1033},"end":{"line":1,"column":1180}},"type":"if","locations":[{"start":{"line":1,"column":1033},"end":{"line":1,"column":1180}},{"start":{"line":1,"column":1033},"end":{"line":1,"column":1180}}],"line":1},"6":{"loc":{"start":{"line":5,"column":33},"end":{"line":5,"column":114}},"type":"cond-expr","locations":[{"start":{"line":5,"column":86},"end":{"line":5,"column":98}},{"start":{"line":5,"column":101},"end":{"line":5,"column":114}}],"line":5},"7":{"loc":{"start":{"line":5,"column":33},"end":{"line":5,"column":83}},"type":"binary-expr","locations":[{"start":{"line":5,"column":33},"end":{"line":5,"column":53}},{"start":{"line":5,"column":57},"end":{"line":5,"column":83}}],"line":5},"8":{"loc":{"start":{"line":5,"column":128},"end":{"line":5,"column":175}},"type":"cond-expr","locations":[{"start":{"line":5,"column":151},"end":{"line":5,"column":163}},{"start":{"line":5,"column":166},"end":{"line":5,"column":175}}],"line":5},"9":{"loc":{"start":{"line":6,"column":2},"end":{"line":14,"column":20}},"type":"switch","locations":[{"start":{"line":7,"column":4},"end":{"line":12,"column":7}},{"start":{"line":13,"column":4},"end":{"line":14,"column":19}}],"line":6}},"s":{"0":1,"1":1,"2":1,"3":0,"4":0,"5":0,"6":0,"7":0,"8":0,"9":0,"10":0,"11":0,"12":0,"13":0,"14":0,"15":0,"16":0,"17":0,"18":0,"19":0,"20":0,"21":0,"22":0,"23":0,"24":0,"25":0,"26":1,"27":1,"28":3,"29":3,"30":3,"31":0,"32":3,"33":1},"f":{"0":0,"1":0,"2":0,"3":0,"4":0,"5":0,"6":3},"b":{"0":[0,0],"1":[0,0],"2":[0,0],"3":[0,0],"4":[0,0],"5":[0,0],"6":[0,3],"7":[3,3],"8":[3,0],"9":[0,3]},"_coverageSchema":"43e27e138ebf9cfc5966b082cf9a028302ed4184","hash":"be70d335e70c097ceab618bbb39ce9bb03395f8f"}
,"/Users/aymendebbabi/Desktop/MoviesSample/src/reducers/WishListReducer.js": {"path":"/Users/aymendebbabi/Desktop/MoviesSample/src/reducers/WishListReducer.js","statementMap":{"0":{"start":{"line":1,"column":13},"end":{"line":1,"column":75}},"1":{"start":{"line":1,"column":75},"end":{"line":1,"column":100}},"2":{"start":{"line":1,"column":113},"end":{"line":1,"column":140}},"3":{"start":{"line":1,"column":194},"end":{"line":1,"column":213}},"4":{"start":{"line":1,"column":214},"end":{"line":1,"column":459}},"5":{"start":{"line":1,"column":263},"end":{"line":1,"column":299}},"6":{"start":{"line":1,"column":300},"end":{"line":1,"column":427}},"7":{"start":{"line":1,"column":320},"end":{"line":1,"column":427}},"8":{"start":{"line":1,"column":361},"end":{"line":1,"column":424}},"9":{"start":{"line":1,"column":427},"end":{"line":1,"column":458}},"10":{"start":{"line":1,"column":459},"end":{"line":1,"column":471}},"11":{"start":{"line":1,"column":504},"end":{"line":1,"column":975}},"12":{"start":{"line":1,"column":517},"end":{"line":1,"column":518}},"13":{"start":{"line":1,"column":561},"end":{"line":1,"column":601}},"14":{"start":{"line":1,"column":602},"end":{"line":1,"column":974}},"15":{"start":{"line":1,"column":614},"end":{"line":1,"column":713}},"16":{"start":{"line":1,"column":668},"end":{"line":1,"column":710}},"17":{"start":{"line":1,"column":720},"end":{"line":1,"column":974}},"18":{"start":{"line":1,"column":759},"end":{"line":1,"column":833}},"19":{"start":{"line":1,"column":841},"end":{"line":1,"column":973}},"20":{"start":{"line":1,"column":889},"end":{"line":1,"column":970}},"21":{"start":{"line":1,"column":975},"end":{"line":1,"column":989}},"22":{"start":{"line":1,"column":1033},"end":{"line":1,"column":1180}},"23":{"start":{"line":1,"column":1050},"end":{"line":1,"column":1154}},"24":{"start":{"line":1,"column":1162},"end":{"line":1,"column":1179}},"25":{"start":{"line":1,"column":1180},"end":{"line":1,"column":1191}},"26":{"start":{"line":3,"column":20},"end":{"line":3,"column":41}},"27":{"start":{"line":5,"column":0},"end":{"line":23,"column":1}},"28":{"start":{"line":5,"column":33},"end":{"line":5,"column":114}},"29":{"start":{"line":5,"column":128},"end":{"line":5,"column":175}},"30":{"start":{"line":6,"column":2},"end":{"line":21,"column":20}},"31":{"start":{"line":8,"column":8},"end":{"line":10,"column":43}},"32":{"start":{"line":14,"column":8},"end":{"line":16,"column":43}},"33":{"start":{"line":21,"column":6},"end":{"line":21,"column":19}},"34":{"start":{"line":23,"column":2},"end":{"line":23,"column":29}}},"fnMap":{"0":{"name":"ownKeys","decl":{"start":{"line":1,"column":150},"end":{"line":1,"column":157}},"loc":{"start":{"line":1,"column":182},"end":{"line":1,"column":472}},"line":1},"1":{"name":"(anonymous_1)","decl":{"start":{"line":1,"column":345},"end":{"line":1,"column":346}},"loc":{"start":{"line":1,"column":360},"end":{"line":1,"column":425}},"line":1},"2":{"name":"_objectSpread","decl":{"start":{"line":1,"column":481},"end":{"line":1,"column":494}},"loc":{"start":{"line":1,"column":503},"end":{"line":1,"column":990}},"line":1},"3":{"name":"(anonymous_3)","decl":{"start":{"line":1,"column":652},"end":{"line":1,"column":653}},"loc":{"start":{"line":1,"column":667},"end":{"line":1,"column":711}},"line":1},"4":{"name":"(anonymous_4)","decl":{"start":{"line":1,"column":873},"end":{"line":1,"column":874}},"loc":{"start":{"line":1,"column":888},"end":{"line":1,"column":971}},"line":1},"5":{"name":"_defineProperty","decl":{"start":{"line":1,"column":999},"end":{"line":1,"column":1014}},"loc":{"start":{"line":1,"column":1032},"end":{"line":1,"column":1192}},"line":1},"6":{"name":"_default","decl":{"start":{"line":5,"column":9},"end":{"line":5,"column":17}},"loc":{"start":{"line":5,"column":20},"end":{"line":23,"column":1}},"line":5}},"branchMap":{"0":{"loc":{"start":{"line":1,"column":214},"end":{"line":1,"column":459}},"type":"if","locations":[{"start":{"line":1,"column":214},"end":{"line":1,"column":459}},{"start":{"line":1,"column":214},"end":{"line":1,"column":459}}],"line":1},"1":{"loc":{"start":{"line":1,"column":300},"end":{"line":1,"column":427}},"type":"if","locations":[{"start":{"line":1,"column":300},"end":{"line":1,"column":427}},{"start":{"line":1,"column":300},"end":{"line":1,"column":427}}],"line":1},"2":{"loc":{"start":{"line":1,"column":561},"end":{"line":1,"column":601}},"type":"cond-expr","locations":[{"start":{"line":1,"column":584},"end":{"line":1,"column":596}},{"start":{"line":1,"column":599},"end":{"line":1,"column":601}}],"line":1},"3":{"loc":{"start":{"line":1,"column":602},"end":{"line":1,"column":974}},"type":"if","locations":[{"start":{"line":1,"column":602},"end":{"line":1,"column":974}},{"start":{"line":1,"column":602},"end":{"line":1,"column":974}}],"line":1},"4":{"loc":{"start":{"line":1,"column":720},"end":{"line":1,"column":974}},"type":"if","locations":[{"start":{"line":1,"column":720},"end":{"line":1,"column":974}},{"start":{"line":1,"column":720},"end":{"line":1,"column":974}}],"line":1},"5":{"loc":{"start":{"line":1,"column":1033},"end":{"line":1,"column":1180}},"type":"if","locations":[{"start":{"line":1,"column":1033},"end":{"line":1,"column":1180}},{"start":{"line":1,"column":1033},"end":{"line":1,"column":1180}}],"line":1},"6":{"loc":{"start":{"line":5,"column":33},"end":{"line":5,"column":114}},"type":"cond-expr","locations":[{"start":{"line":5,"column":86},"end":{"line":5,"column":98}},{"start":{"line":5,"column":101},"end":{"line":5,"column":114}}],"line":5},"7":{"loc":{"start":{"line":5,"column":33},"end":{"line":5,"column":83}},"type":"binary-expr","locations":[{"start":{"line":5,"column":33},"end":{"line":5,"column":53}},{"start":{"line":5,"column":57},"end":{"line":5,"column":83}}],"line":5},"8":{"loc":{"start":{"line":5,"column":128},"end":{"line":5,"column":175}},"type":"cond-expr","locations":[{"start":{"line":5,"column":151},"end":{"line":5,"column":163}},{"start":{"line":5,"column":166},"end":{"line":5,"column":175}}],"line":5},"9":{"loc":{"start":{"line":6,"column":2},"end":{"line":21,"column":20}},"type":"switch","locations":[{"start":{"line":7,"column":4},"end":{"line":12,"column":7}},{"start":{"line":13,"column":4},"end":{"line":18,"column":7}},{"start":{"line":20,"column":4},"end":{"line":21,"column":19}}],"line":6}},"s":{"0":1,"1":1,"2":1,"3":0,"4":0,"5":0,"6":0,"7":0,"8":0,"9":0,"10":0,"11":0,"12":0,"13":0,"14":0,"15":0,"16":0,"17":0,"18":0,"19":0,"20":0,"21":0,"22":0,"23":0,"24":0,"25":0,"26":1,"27":1,"28":4,"29":4,"30":4,"31":0,"32":0,"33":4,"34":1},"f":{"0":0,"1":0,"2":0,"3":0,"4":0,"5":0,"6":4},"b":{"0":[0,0],"1":[0,0],"2":[0,0],"3":[0,0],"4":[0,0],"5":[0,0],"6":[1,3],"7":[4,4],"8":[4,0],"9":[0,0,4]},"_coverageSchema":"43e27e138ebf9cfc5966b082cf9a028302ed4184","hash":"3e89e2c07afa3488c3014ffd3b1b8396adc790cd"}
,"/Users/aymendebbabi/Desktop/MoviesSample/src/reducers/index.js": {"path":"/Users/aymendebbabi/Desktop/MoviesSample/src/reducers/index.js","statementMap":{"0":{"start":{"line":1,"column":13},"end":{"line":1,"column":75}},"1":{"start":{"line":1,"column":75},"end":{"line":1,"column":100}},"2":{"start":{"line":1,"column":113},"end":{"line":1,"column":129}},"3":{"start":{"line":2,"column":23},"end":{"line":2,"column":75}},"4":{"start":{"line":3,"column":22},"end":{"line":3,"column":73}},"5":{"start":{"line":3,"column":112},"end":{"line":3,"column":166}},"6":{"start":{"line":5,"column":0},"end":{"line":7,"column":37}},"7":{"start":{"line":7,"column":38},"end":{"line":7,"column":65}}},"fnMap":{"0":{"name":"_interopRequireDefault","decl":{"start":{"line":3,"column":83},"end":{"line":3,"column":105}},"loc":{"start":{"line":3,"column":111},"end":{"line":3,"column":167}},"line":3}},"branchMap":{"0":{"loc":{"start":{"line":3,"column":119},"end":{"line":3,"column":165}},"type":"cond-expr","locations":[{"start":{"line":3,"column":143},"end":{"line":3,"column":146}},{"start":{"line":3,"column":149},"end":{"line":3,"column":165}}],"line":3},"1":{"loc":{"start":{"line":3,"column":119},"end":{"line":3,"column":140}},"type":"binary-expr","locations":[{"start":{"line":3,"column":119},"end":{"line":3,"column":122}},{"start":{"line":3,"column":126},"end":{"line":3,"column":140}}],"line":3}},"s":{"0":1,"1":1,"2":1,"3":1,"4":1,"5":2,"6":1,"7":1},"f":{"0":2},"b":{"0":[2,0],"1":[2,2]},"_coverageSchema":"43e27e138ebf9cfc5966b082cf9a028302ed4184","hash":"cd3e866c7bba5c45c4a89f89b20bec0a4e9eef41"}
}
