TN:
SF:/Users/aymendebbabi/Desktop/MoviesSample/src/actions/NetworkAction.js
FN:3,setNetworkStatus
FN:4,(anonymous_1)
FNF:2
FNH:0
FNDA:0,setNetworkStatus
FNDA:0,(anonymous_1)
DA:1,1
DA:3,1
DA:4,0
DA:5,0
DA:7,1
LF:5
LH:3
BRF:0
BRH:0
end_of_record
TN:
SF:/Users/aymendebbabi/Desktop/MoviesSample/src/actions/WishListActions.js
FN:2,_interopRequireDefault
FN:4,toggleFavorite
FN:5,(anonymous_2)
FN:6,(anonymous_3)
FN:10,(anonymous_4)
FN:13,(anonymous_5)
FN:21,(anonymous_6)
FN:28,getFavoriteList
FN:29,(anonymous_8)
FN:30,(anonymous_9)
FNF:10
FNH:1
FNDA:1,_interopRequireDefault
FNDA:0,toggleFavorite
FNDA:0,(anonymous_2)
FNDA:0,(anonymous_3)
FNDA:0,(anonymous_4)
FNDA:0,(anonymous_5)
FNDA:0,(anonymous_6)
FNDA:0,getFavoriteList
FNDA:0,(anonymous_8)
FNDA:0,(anonymous_9)
DA:1,1
DA:2,1
DA:4,1
DA:5,0
DA:6,0
DA:7,0
DA:8,0
DA:9,0
DA:10,0
DA:12,0
DA:13,0
DA:15,0
DA:18,0
DA:21,0
DA:22,0
DA:26,1
DA:28,1
DA:29,0
DA:30,0
DA:31,0
DA:34,1
LF:21
LH:6
BRDA:2,0,0,0
BRDA:2,0,1,1
BRDA:2,1,0,1
BRDA:2,1,1,1
BRDA:8,2,0,0
BRDA:8,2,1,0
BRDA:12,3,0,0
BRDA:12,3,1,0
BRF:8
BRH:3
end_of_record
TN:
SF:/Users/aymendebbabi/Desktop/MoviesSample/src/actions/index.js
FN:1,(anonymous_0)
FN:1,get
FN:2,(anonymous_2)
FN:2,get
FNF:4
FNH:4
FNDA:2,(anonymous_0)
FNDA:2,get
FNDA:1,(anonymous_2)
FNDA:1,get
DA:1,2
DA:2,1
LF:2
LH:2
BRDA:1,0,0,0
BRDA:1,0,1,2
BRDA:1,1,0,2
BRDA:1,1,1,2
BRDA:2,2,0,0
BRDA:2,2,1,1
BRDA:2,3,0,1
BRDA:2,3,1,1
BRF:8
BRH:6
end_of_record
TN:
SF:/Users/aymendebbabi/Desktop/MoviesSample/src/actions/types.js
FNF:0
FNH:0
DA:1,1
DA:2,1
DA:3,1
LF:3
LH:3
BRF:0
BRH:0
end_of_record
TN:
SF:/Users/aymendebbabi/Desktop/MoviesSample/src/api/Api.js
FN:3,getSearchedFilms
FN:12,(anonymous_1)
FN:18,(anonymous_2)
FN:32,getFilmWithId
FN:36,(anonymous_4)
FN:42,(anonymous_5)
FN:56,getBestFilms
FN:63,(anonymous_7)
FN:69,(anonymous_8)
FNF:9
FNH:9
FNDA:2,getSearchedFilms
FNDA:1,(anonymous_1)
FNDA:1,(anonymous_2)
FNDA:2,getFilmWithId
FNDA:1,(anonymous_4)
FNDA:1,(anonymous_5)
FNDA:2,getBestFilms
FNDA:1,(anonymous_7)
FNDA:1,(anonymous_8)
DA:1,2
DA:3,2
DA:5,2
DA:11,2
DA:13,1
DA:14,0
DA:16,1
DA:19,1
DA:23,0
DA:24,0
DA:27,1
DA:32,2
DA:33,2
DA:37,1
DA:38,0
DA:40,1
DA:43,1
DA:47,0
DA:48,0
DA:51,1
DA:56,2
DA:57,2
DA:64,1
DA:65,0
DA:67,1
DA:70,1
DA:74,0
DA:75,0
DA:78,1
LF:29
LH:20
BRDA:3,0,0,0
BRDA:3,0,1,2
BRDA:3,1,0,2
BRDA:3,1,1,0
BRDA:13,2,0,0
BRDA:13,2,1,1
BRDA:19,3,0,0
BRDA:19,3,1,1
BRDA:20,4,0,1
BRDA:20,4,1,1
BRDA:23,5,0,0
BRDA:23,5,1,0
BRDA:32,6,0,0
BRDA:32,6,1,2
BRDA:32,7,0,2
BRDA:32,7,1,0
BRDA:37,8,0,0
BRDA:37,8,1,1
BRDA:43,9,0,0
BRDA:43,9,1,1
BRDA:44,10,0,1
BRDA:44,10,1,1
BRDA:47,11,0,0
BRDA:47,11,1,0
BRDA:56,12,0,0
BRDA:56,12,1,2
BRDA:56,13,0,2
BRDA:56,13,1,0
BRDA:64,14,0,0
BRDA:64,14,1,1
BRDA:70,15,0,0
BRDA:70,15,1,1
BRDA:71,16,0,1
BRDA:71,16,1,1
BRDA:74,17,0,0
BRDA:74,17,1,0
BRF:36
BRH:18
end_of_record
TN:
SF:/Users/aymendebbabi/Desktop/MoviesSample/src/assets/img/logo.png
FNF:0
FNH:0
DA:1,1
LF:1
LH:1
BRF:0
BRH:0
end_of_record
TN:
SF:/Users/aymendebbabi/Desktop/MoviesSample/src/components/commons/Header.tsx
FN:15,(anonymous_0)
FN:22,(anonymous_1)
FNF:2
FNH:1
FNDA:1,(anonymous_0)
FNDA:0,(anonymous_1)
DA:15,2
DA:16,1
DA:22,0
DA:42,2
LF:4
LH:3
BRDA:19,0,0,0
BRDA:19,0,1,1
BRF:2
BRH:1
end_of_record
TN:
SF:/Users/aymendebbabi/Desktop/MoviesSample/src/components/commons/Spinner.tsx
FN:4,(anonymous_0)
FNF:1
FNH:0
FNDA:0,(anonymous_0)
DA:4,1
DA:5,0
DA:12,1
LF:3
LH:2
BRF:0
BRH:0
end_of_record
TN:
SF:/Users/aymendebbabi/Desktop/MoviesSample/src/components/films/FilmItem.tsx
FN:26,(anonymous_0)
FN:31,(anonymous_1)
FN:45,(anonymous_2)
FN:56,(anonymous_3)
FNF:4
FNH:0
FNDA:0,(anonymous_0)
FNDA:0,(anonymous_1)
FNDA:0,(anonymous_2)
FNDA:0,(anonymous_3)
DA:27,0
DA:28,0
DA:32,0
DA:46,0
DA:56,0
DA:57,0
DA:58,0
DA:65,0
LF:8
LH:0
BRDA:38,0,0,0
BRDA:38,0,1,0
BRDA:57,1,0,0
BRDA:57,1,1,0
BRF:4
BRH:0
end_of_record
TN:
SF:/Users/aymendebbabi/Desktop/MoviesSample/src/components/films/FilmList.tsx
FN:22,(anonymous_0)
FN:28,(anonymous_1)
FN:41,(anonymous_2)
FN:42,(anonymous_3)
FN:51,(anonymous_4)
FN:67,(anonymous_5)
FNF:6
FNH:0
FNDA:0,(anonymous_0)
FNDA:0,(anonymous_1)
FNDA:0,(anonymous_2)
FNDA:0,(anonymous_3)
FNDA:0,(anonymous_4)
FNDA:0,(anonymous_5)
DA:23,0
DA:24,0
DA:36,0
DA:37,0
DA:41,0
DA:43,0
DA:52,0
DA:57,0
DA:58,0
DA:67,1
DA:68,0
LF:11
LH:1
BRDA:52,0,0,0
BRDA:52,0,1,0
BRDA:53,1,0,0
BRDA:53,1,1,0
BRDA:53,1,2,0
BRDA:57,2,0,0
BRDA:57,2,1,0
BRF:7
BRH:0
end_of_record
TN:
SF:/Users/aymendebbabi/Desktop/MoviesSample/src/components/films/styles/FilmItemStyles.js
FNF:0
FNH:0
DA:1,1
DA:3,1
DA:27,1
LF:3
LH:3
BRF:0
BRH:0
end_of_record
TN:
SF:/Users/aymendebbabi/Desktop/MoviesSample/src/components/films/styles/FilmListStyles.js
FNF:0
FNH:0
DA:1,1
DA:3,1
DA:10,1
LF:3
LH:3
BRF:0
BRH:0
end_of_record
TN:
SF:/Users/aymendebbabi/Desktop/MoviesSample/src/components/home/Home.tsx
FN:28,(anonymous_0)
FN:38,(anonymous_1)
FN:57,(anonymous_2)
FN:63,(anonymous_3)
FN:65,(anonymous_4)
FN:76,(anonymous_5)
FNF:6
FNH:0
FNDA:0,(anonymous_0)
FNDA:0,(anonymous_1)
FNDA:0,(anonymous_2)
FNDA:0,(anonymous_3)
FNDA:0,(anonymous_4)
FNDA:0,(anonymous_5)
DA:29,0
DA:30,0
DA:31,0
DA:32,0
DA:39,0
DA:40,0
DA:41,0
DA:58,0
DA:59,0
DA:60,0
DA:63,0
DA:64,0
DA:65,0
DA:66,0
DA:67,0
DA:68,0
DA:76,1
DA:77,0
LF:18
LH:1
BRDA:52,0,0,0
BRDA:52,0,1,0
BRDA:52,1,0,0
BRDA:52,1,1,0
BRDA:53,2,0,0
BRDA:53,2,1,0
BRF:6
BRH:0
end_of_record
TN:
SF:/Users/aymendebbabi/Desktop/MoviesSample/src/components/home/HomeStyles.js
FNF:0
FNH:0
DA:1,1
DA:3,1
DA:22,1
LF:3
LH:3
BRF:0
BRH:0
end_of_record
TN:
SF:/Users/aymendebbabi/Desktop/MoviesSample/src/constants/commonFunctions.js
FN:3,displayFavoriteImage
FN:7,(anonymous_1)
FN:15,renderGenreCompanies
FN:17,(anonymous_3)
FN:23,alertConnexion
FN:27,onPress
FNF:6
FNH:2
FNDA:0,displayFavoriteImage
FNDA:0,(anonymous_1)
FNDA:1,renderGenreCompanies
FNDA:3,(anonymous_3)
FNDA:0,alertConnexion
FNDA:0,onPress
DA:1,3
DA:3,3
DA:4,0
DA:7,0
DA:9,0
DA:12,0
DA:13,3
DA:15,3
DA:16,1
DA:18,3
DA:21,3
DA:23,3
DA:24,0
DA:27,0
DA:30,3
DA:32,3
LF:16
LH:10
BRDA:4,0,0,0
BRDA:4,0,1,0
BRDA:5,1,0,0
BRDA:5,1,1,0
BRDA:5,1,2,0
BRF:5
BRH:0
end_of_record
TN:
SF:/Users/aymendebbabi/Desktop/MoviesSample/src/constants/constant.js
FNF:0
FNH:0
DA:1,2
DA:2,2
LF:2
LH:2
BRF:0
BRH:0
end_of_record
TN:
SF:/Users/aymendebbabi/Desktop/MoviesSample/src/reducers/NetworkReducer.js
FN:1,ownKeys
FN:1,(anonymous_1)
FN:1,_objectSpread
FN:1,(anonymous_3)
FN:1,(anonymous_4)
FN:1,_defineProperty
FN:5,_default
FNF:7
FNH:1
FNDA:0,ownKeys
FNDA:0,(anonymous_1)
FNDA:0,_objectSpread
FNDA:0,(anonymous_3)
FNDA:0,(anonymous_4)
FNDA:0,_defineProperty
FNDA:3,_default
DA:1,1
DA:3,1
DA:5,3
DA:6,3
DA:8,0
DA:14,3
DA:16,1
LF:7
LH:6
BRDA:1,0,0,0
BRDA:1,0,1,0
BRDA:1,1,0,0
BRDA:1,1,1,0
BRDA:1,2,0,0
BRDA:1,2,1,0
BRDA:1,3,0,0
BRDA:1,3,1,0
BRDA:1,4,0,0
BRDA:1,4,1,0
BRDA:1,5,0,0
BRDA:1,5,1,0
BRDA:5,6,0,0
BRDA:5,6,1,3
BRDA:5,7,0,3
BRDA:5,7,1,3
BRDA:5,8,0,3
BRDA:5,8,1,0
BRDA:6,9,0,0
BRDA:6,9,1,3
BRF:20
BRH:5
end_of_record
TN:
SF:/Users/aymendebbabi/Desktop/MoviesSample/src/reducers/WishListReducer.js
FN:1,ownKeys
FN:1,(anonymous_1)
FN:1,_objectSpread
FN:1,(anonymous_3)
FN:1,(anonymous_4)
FN:1,_defineProperty
FN:5,_default
FNF:7
FNH:1
FNDA:0,ownKeys
FNDA:0,(anonymous_1)
FNDA:0,_objectSpread
FNDA:0,(anonymous_3)
FNDA:0,(anonymous_4)
FNDA:0,_defineProperty
FNDA:4,_default
DA:1,1
DA:3,1
DA:5,4
DA:6,4
DA:8,0
DA:14,0
DA:21,4
DA:23,1
LF:8
LH:6
BRDA:1,0,0,0
BRDA:1,0,1,0
BRDA:1,1,0,0
BRDA:1,1,1,0
BRDA:1,2,0,0
BRDA:1,2,1,0
BRDA:1,3,0,0
BRDA:1,3,1,0
BRDA:1,4,0,0
BRDA:1,4,1,0
BRDA:1,5,0,0
BRDA:1,5,1,0
BRDA:5,6,0,1
BRDA:5,6,1,3
BRDA:5,7,0,4
BRDA:5,7,1,4
BRDA:5,8,0,4
BRDA:5,8,1,0
BRDA:6,9,0,0
BRDA:6,9,1,0
BRDA:6,9,2,4
BRF:21
BRH:6
end_of_record
TN:
SF:/Users/aymendebbabi/Desktop/MoviesSample/src/reducers/index.js
FN:3,_interopRequireDefault
FNF:1
FNH:1
FNDA:2,_interopRequireDefault
DA:1,1
DA:2,1
DA:3,2
DA:5,1
DA:7,1
LF:5
LH:5
BRDA:3,0,0,2
BRDA:3,0,1,0
BRDA:3,1,0,2
BRDA:3,1,1,2
BRF:4
BRH:3
end_of_record
